\BOOKMARK [1][-]{section.1}{\376\377\174\041\116\313}{}% 1
\BOOKMARK [1][-]{section.2}{\376\377\162\151\164\006\152\041\144\354}{}% 2
\BOOKMARK [2][-]{subsection.2.1}{\376\377\116\345\000\040\0002\000D\000\040\000T\000e\000x\000t\000u\000r\000e\000\040\000A\000t\000l\000a\000s\000\040\121\062\133\130\000\040\0003\000D\000\040\232\324\172\115\130\064}{section.2}% 3
\BOOKMARK [2][-]{subsection.2.2}{\376\377\153\317\136\100\154\102\211\343\153\145\232\137}{section.2}% 4
\BOOKMARK [2][-]{subsection.2.3}{\376\377\161\131\227\047\166\174\134\004\126\150}{section.2}% 5
\BOOKMARK [1][-]{section.3}{\376\377\122\240\121\145\000\040\0003\000D\000\040\152\041\127\213}{}% 6
\BOOKMARK [2][-]{subsection.3.1}{\376\377\217\011\121\145\000\040\000G\000L\000B\000\040\152\224\150\110}{section.3}% 7
\BOOKMARK [2][-]{subsection.3.2}{\376\377\172\013\136\217\123\026\130\064\146\157\136\176\117\125}{section.3}% 8
\BOOKMARK [2][-]{subsection.3.3}{\376\377\000G\000P\000U\000\040\116\012\120\263\202\007\000\040\000V\000A\000O\000\040\173\241\164\006}{section.3}% 9
\BOOKMARK [1][-]{section.4}{\376\377\156\062\147\323\202\007\204\127\202\162}{}% 10
\BOOKMARK [2][-]{subsection.4.1}{\376\377\0003\000D\000\040\152\041\127\213\204\127\202\162\377\032\000B\000l\000i\000n\000n\000-\000P\000h\000o\000n\000g}{section.4}% 11
\BOOKMARK [2][-]{subsection.4.2}{\376\377\161\131\227\047\204\127\202\162\377\032\232\324\172\115\000\040\000R\000a\000y\000\040\000M\000a\000r\000c\000h\000i\000n\000g}{section.4}% 12
\BOOKMARK [1][-]{section.5}{\376\377\155\361\136\246\175\351\210\135\123\100\145\164\124\010}{}% 13
\BOOKMARK [2][-]{subsection.5.1}{\376\377\000D\000e\000p\000t\000h\000\040\000P\000r\000e\000-\000P\000a\000s\000s}{section.5}% 14
\BOOKMARK [2][-]{subsection.5.2}{\376\377\000R\000a\000y\000\040\000M\000a\000r\000c\000h\000\040\116\055\166\204\145\164\124\010}{section.5}% 15
\BOOKMARK [2][-]{subsection.5.3}{\376\377\156\062\147\323\230\006\136\217}{section.5}% 16
\BOOKMARK [1][-]{section.6}{\376\377\116\222\122\325\143\247\122\066}{}% 17
\BOOKMARK [2][-]{subsection.6.1}{\376\377\173\054\116\000\116\272\172\061\145\035\137\161\152\137}{section.6}% 18
\BOOKMARK [2][-]{subsection.6.2}{\376\377\142\313\134\004\162\151\174\373\175\161}{section.6}% 19
\BOOKMARK [2][-]{subsection.6.3}{\376\377\155\361\136\246\211\226\211\272\123\026}{section.6}% 20
\BOOKMARK [1][-]{section.7}{\376\377\226\120\122\066\202\007\147\052\117\206\134\125\147\033}{}% 21
\BOOKMARK [1][-]{section.8}{\376\377\123\303\200\003\145\207\163\173}{}% 22
